2020/04/13 20:45:34: INTERNAL ERROR: File not found
2020/04/13 20:45:34: INTERNAL ERROR: Cannot close stream
2020/04/13 20:45:34: Loading Lists
2020/04/13 20:45:34: Lists Loaded
2020/04/13 20:45:34: Max Threads: 100
2020/04/13 20:45:34: Server started on port: 8888
2020/04/13 20:45:34: Num Clients Connected: 0
2020/04/13 20:45:48: Client connected: 01 Return port: 50946
2020/04/13 20:45:48: Creating thread
2020/04/13 20:45:49: Num Clients Connected: 1
2020/04/13 20:45:49: Reading student
2020/04/13 20:45:49: Reading student
2020/04/13 20:45:56: Student read
2020/04/13 20:45:56: TestName
2020/04/13 20:45:56: 1234456
2020/04/13 20:45:56: Reading student
2020/04/13 20:45:56: Socket closed
2020/04/13 20:45:56: num of clients: 0
2020/04/13 20:45:56: Socket closed
2020/04/13 20:45:56: num of clients: 0
